\BOOKMARK [1][-]{section.1}{FORWARD}{}% 1
\BOOKMARK [1][-]{section.2}{Copyright}{}% 2
\BOOKMARK [1][-]{section.3}{About this Document}{}% 3
\BOOKMARK [1][-]{section.4}{Introduction}{}% 4
\BOOKMARK [1][-]{section.5}{TALK GROUP\(s\)}{}% 5
\BOOKMARK [1][-]{section.6}{STATIC vs PTT}{}% 6
\BOOKMARK [1][-]{section.7}{Equipment}{}% 7
\BOOKMARK [1][-]{section.8}{Code Plug}{}% 8
\BOOKMARK [1][-]{section.9}{Operator Skills}{}% 9
\BOOKMARK [1][-]{section.10}{How it Works}{}% 10
\BOOKMARK [2][-]{subsection.10.1}{SYNC/SIGNALING\)}{section.10}% 11
\BOOKMARK [2][-]{subsection.10.2}{CODEC}{section.10}% 12
\BOOKMARK [2][-]{subsection.10.3}{BACK END}{section.10}% 13
\BOOKMARK [2][-]{subsection.10.4}{CODE PLUGS \(More Detail\)}{section.10}% 14
\BOOKMARK [1][-]{section.11}{Definitions}{}% 15
\BOOKMARK [2][-]{subsection.11.1}{DMR ID}{section.11}% 16
\BOOKMARK [2][-]{subsection.11.2}{Time OUT}{section.11}% 17
\BOOKMARK [2][-]{subsection.11.3}{Admit Criteria}{section.11}% 18
\BOOKMARK [2][-]{subsection.11.4}{Color Code}{section.11}% 19
\BOOKMARK [2][-]{subsection.11.5}{Time Slice}{section.11}% 20
\BOOKMARK [2][-]{subsection.11.6}{Power to use on this channel}{section.11}% 21
\BOOKMARK [2][-]{subsection.11.7}{Talk Group}{section.11}% 22
\BOOKMARK [2][-]{subsection.11.8}{ZONE}{section.11}% 23
\BOOKMARK [1][-]{section.12}{Extending your world}{}% 24
\BOOKMARK [1][-]{section.13}{Get Involved}{}% 25
\BOOKMARK [1][-]{section.14}{Document tracking}{}% 26
\BOOKMARK [1][-]{section.15}{Project Contributors}{}% 27
